TN:
SF:pkg/ctl/main.go
DA:11,2
DA:12,2
DA:13,2
LF:3
LH:3
end_of_record
TN:
SF:pkg/ctl/start.go
DA:12,1
DA:13,1
DA:14,1
DA:17,2
DA:18,2
DA:19,2
LF:6
LH:6
end_of_record
TN:
SF:pkg/lib/logger/logger.go
DA:46,1
DA:47,1
DA:48,1
DA:50,1
DA:51,1
DA:52,2
DA:53,1
DA:54,1
DA:55,1
DA:58,1
DA:59,1
DA:60,1
DA:61,1
DA:62,1
DA:69,1
DA:70,1
DA:71,1
DA:72,1
DA:73,1
DA:74,1
DA:75,1
DA:76,1
DA:77,2
DA:78,1
DA:79,2
DA:80,1
DA:81,1
DA:82,2
DA:83,1
DA:84,2
DA:85,1
DA:86,1
DA:87,1
DA:98,2
DA:99,2
DA:100,2
DA:101,2
DA:102,2
DA:103,2
DA:104,2
DA:105,2
DA:106,4
DA:107,4
DA:108,2
DA:109,4
DA:110,2
DA:112,2
DA:113,4
DA:114,2
DA:115,2
DA:116,2
DA:118,2
DA:121,4
DA:122,2
DA:123,3
DA:124,1
DA:125,1
DA:126,2
DA:127,1
DA:128,2
DA:129,1
DA:130,1
DA:134,1
DA:135,1
DA:136,1
DA:138,1
DA:139,1
DA:140,2
DA:141,1
DA:142,1
DA:143,2
DA:144,1
DA:145,1
DA:146,1
DA:147,2
DA:148,1
DA:149,1
DA:150,1
DA:153,1
DA:154,1
DA:155,1
DA:156,2
DA:157,1
DA:158,1
DA:159,1
DA:160,2
DA:161,1
DA:162,2
DA:163,1
DA:164,1
DA:166,1
DA:167,1
DA:168,2
DA:169,1
DA:170,1
DA:172,1
DA:175,1
DA:176,1
DA:177,1
DA:179,1
DA:180,1
DA:181,1
DA:183,1
DA:184,1
DA:185,1
DA:186,1
DA:187,1
DA:189,1
DA:190,1
DA:191,1
DA:192,1
DA:193,1
DA:195,1
DA:196,1
DA:197,1
DA:198,1
DA:199,1
DA:200,1
DA:201,1
DA:202,1
DA:204,1
DA:205,1
DA:206,1
DA:207,1
DA:208,1
DA:209,1
DA:210,1
DA:211,1
DA:213,1
DA:214,1
DA:215,1
DA:216,1
DA:217,1
DA:218,1
DA:219,1
DA:221,1
DA:222,1
DA:223,1
DA:224,1
DA:225,1
DA:226,1
DA:227,1
DA:229,1
DA:230,1
DA:231,1
DA:232,1
DA:233,1
DA:234,1
DA:235,1
DA:237,1
DA:238,1
DA:239,1
DA:240,1
DA:241,1
DA:242,1
DA:243,1
DA:245,1
DA:246,1
DA:247,1
DA:248,1
DA:249,1
DA:250,1
DA:251,1
DA:253,1
DA:254,1
DA:255,1
DA:256,1
DA:257,1
DA:258,1
DA:259,1
DA:261,1
DA:262,1
DA:263,1
DA:264,1
DA:265,1
DA:266,1
DA:267,1
DA:268,1
DA:270,1
DA:271,1
DA:272,1
DA:273,1
DA:274,2
DA:275,1
DA:276,2
DA:277,1
DA:278,1
DA:279,1
LF:188
LH:188
end_of_record
